<?xml version="1.0" encoding="UTF-8"?>
<!-- Generated by org.testng.reporters.JUnitReportReporter -->
<testsuite hostname="sjcho88-PC" failures="0" tests="1" name="edu.Appium.T002" time="35.796" errors="1" timestamp="2025-03-18T13:13:22 KST" skipped="0">
  <testcase classname="edu.Appium.T002" name="속담의달인" time="35.796">
    <error message="The element &#039;By.xpath: //android.widget.TextView[@text=&quot;날씨&quot;]&#039; does not exist in DOM anymore
For documentation on this error, please visit: https://www.selenium.dev/documentation/webdriver/troubleshooting/errors#stale-element-reference-exception
Build info: version: &#039;4.29.0&#039;, revision: &#039;5fc1ec94cb&#039;
System info: os.name: &#039;Windows 10&#039;, os.arch: &#039;amd64&#039;, os.version: &#039;10.0&#039;, java.version: &#039;21.0.6&#039;
Driver info: io.appium.java_client.android.AndroidDriver
Command: [eadc69a4-c7f4-463d-8ab1-3c35b1812410, getElementText {id=00000000-0000-1887-0000-017b00000029}]
Capabilities {appium:appActivity: com.homelearn.essential.act..., appium:appPackage: com.homelearn.schoollearn, appium:automationName: UiAutomator2, appium:databaseEnabled: false, appium:desired: {appActivity: com.homelearn.essential.act..., appPackage: com.homelearn.schoollearn, automationName: UiAutomator2, deviceName: R9PT7000CKM, noReset: true, platformName: ANDROID}, appium:deviceApiLevel: 34, appium:deviceManufacturer: samsung, appium:deviceModel: SM-X200, appium:deviceName: R9PT7000CKM, appium:deviceScreenDensity: 240, appium:deviceScreenSize: 1920x1200, appium:deviceUDID: R9PT7000CKM, appium:javascriptEnabled: true, appium:locationContextEnabled: false, appium:networkConnectionEnabled: true, appium:noReset: true, appium:pixelRatio: 1.5, appium:platformVersion: 14, appium:statBarHeight: 36, appium:takesScreenshot: true, appium:viewportRect: {height: 1164, left: 0, top: 36, width: 1920}, appium:warnings: {}, appium:webStorageEnabled: false, platformName: ANDROID}
Element: [[AndroidDriver:  on ANDROID (eadc69a4-c7f4-463d-8ab1-3c35b1812410)] -&gt; xpath: //android.widget.TextView[@text=&quot;날씨&quot;]]
Session ID: eadc69a4-c7f4-463d-8ab1-3c35b1812410" type="org.openqa.selenium.StaleElementReferenceException">
      <![CDATA[org.openqa.selenium.StaleElementReferenceException: The element 'By.xpath: //android.widget.TextView[@text="날씨"]' does not exist in DOM anymore
For documentation on this error, please visit: https://www.selenium.dev/documentation/webdriver/troubleshooting/errors#stale-element-reference-exception
Build info: version: '4.29.0', revision: '5fc1ec94cb'
System info: os.name: 'Windows 10', os.arch: 'amd64', os.version: '10.0', java.version: '21.0.6'
Driver info: io.appium.java_client.android.AndroidDriver
Command: [eadc69a4-c7f4-463d-8ab1-3c35b1812410, getElementText {id=00000000-0000-1887-0000-017b00000029}]
Capabilities {appium:appActivity: com.homelearn.essential.act..., appium:appPackage: com.homelearn.schoollearn, appium:automationName: UiAutomator2, appium:databaseEnabled: false, appium:desired: {appActivity: com.homelearn.essential.act..., appPackage: com.homelearn.schoollearn, automationName: UiAutomator2, deviceName: R9PT7000CKM, noReset: true, platformName: ANDROID}, appium:deviceApiLevel: 34, appium:deviceManufacturer: samsung, appium:deviceModel: SM-X200, appium:deviceName: R9PT7000CKM, appium:deviceScreenDensity: 240, appium:deviceScreenSize: 1920x1200, appium:deviceUDID: R9PT7000CKM, appium:javascriptEnabled: true, appium:locationContextEnabled: false, appium:networkConnectionEnabled: true, appium:noReset: true, appium:pixelRatio: 1.5, appium:platformVersion: 14, appium:statBarHeight: 36, appium:takesScreenshot: true, appium:viewportRect: {height: 1164, left: 0, top: 36, width: 1920}, appium:warnings: {}, appium:webStorageEnabled: false, platformName: ANDROID}
Element: [[AndroidDriver:  on ANDROID (eadc69a4-c7f4-463d-8ab1-3c35b1812410)] -> xpath: //android.widget.TextView[@text="날씨"]]
Session ID: eadc69a4-c7f4-463d-8ab1-3c35b1812410
at java.base/jdk.internal.reflect.DirectConstructorHandleAccessor.newInstance(DirectConstructorHandleAccessor.java:62)
at java.base/java.lang.reflect.Constructor.newInstanceWithCaller(Constructor.java:502)
at java.base/java.lang.reflect.Constructor.newInstance(Constructor.java:486)
at org.openqa.selenium.remote.ErrorCodec.decode(ErrorCodec.java:167)
at org.openqa.selenium.remote.codec.w3c.W3CHttpResponseCodec.decode(W3CHttpResponseCodec.java:138)
at org.openqa.selenium.remote.codec.w3c.W3CHttpResponseCodec.decode(W3CHttpResponseCodec.java:50)
at org.openqa.selenium.remote.HttpCommandExecutor.execute(HttpCommandExecutor.java:215)
at io.appium.java_client.remote.AppiumCommandExecutor.execute(AppiumCommandExecutor.java:243)
at org.openqa.selenium.remote.RemoteWebDriver.execute(RemoteWebDriver.java:545)
at org.openqa.selenium.remote.RemoteWebElement.execute(RemoteWebElement.java:223)
at org.openqa.selenium.remote.RemoteWebElement.getText(RemoteWebElement.java:191)
at edu.Appium.T002.속담의달인(T002.java:71)
at java.base/jdk.internal.reflect.DirectMethodHandleAccessor.invoke(DirectMethodHandleAccessor.java:103)
at java.base/java.lang.reflect.Method.invoke(Method.java:580)
at org.testng.internal.invokers.MethodInvocationHelper.invokeMethod(MethodInvocationHelper.java:139)
at org.testng.internal.invokers.TestInvoker.invokeMethod(TestInvoker.java:664)
at org.testng.internal.invokers.TestInvoker.invokeTestMethod(TestInvoker.java:227)
at org.testng.internal.invokers.MethodRunner.runInSequence(MethodRunner.java:50)
at org.testng.internal.invokers.TestInvoker$MethodInvocationAgent.invoke(TestInvoker.java:957)
at org.testng.internal.invokers.TestInvoker.invokeTestMethods(TestInvoker.java:200)
at org.testng.internal.invokers.TestMethodWorker.invokeTestMethods(TestMethodWorker.java:148)
at org.testng.internal.invokers.TestMethodWorker.run(TestMethodWorker.java:128)
at java.base/java.util.ArrayList.forEach(ArrayList.java:1596)
at org.testng.TestRunner.privateRun(TestRunner.java:848)
at org.testng.TestRunner.run(TestRunner.java:621)
at org.testng.SuiteRunner.runTest(SuiteRunner.java:443)
at org.testng.SuiteRunner.runSequentially(SuiteRunner.java:437)
at org.testng.SuiteRunner.privateRun(SuiteRunner.java:397)
at org.testng.SuiteRunner.run(SuiteRunner.java:336)
at org.testng.SuiteRunnerWorker.runSuite(SuiteRunnerWorker.java:52)
at org.testng.SuiteRunnerWorker.run(SuiteRunnerWorker.java:95)
at org.testng.TestNG.runSuitesSequentially(TestNG.java:1280)
at org.testng.TestNG.runSuitesLocally(TestNG.java:1200)
at org.testng.TestNG.runSuites(TestNG.java:1114)
at org.testng.TestNG.run(TestNG.java:1082)
at org.apache.maven.surefire.testng.TestNGExecutor.run(TestNGExecutor.java:308)
at org.apache.maven.surefire.testng.TestNGXmlTestSuite.execute(TestNGXmlTestSuite.java:71)
at org.apache.maven.surefire.testng.TestNGProvider.invoke(TestNGProvider.java:113)
at org.apache.maven.surefire.booter.ForkedBooter.runSuitesInProcess(ForkedBooter.java:385)
at org.apache.maven.surefire.booter.ForkedBooter.execute(ForkedBooter.java:162)
at org.apache.maven.surefire.booter.ForkedBooter.run(ForkedBooter.java:507)
at org.apache.maven.surefire.booter.ForkedBooter.main(ForkedBooter.java:495)
]]>
    </error>
  </testcase> <!-- 속담의달인 -->
</testsuite> <!-- edu.Appium.T002 -->
